0    [main] WARN  org.apache.hadoop.util.NativeCodeLoader  - Unable to load native-hadoop library for your platform... using builtin-java classes where applicable
364  [main] INFO  org.apache.hadoop.conf.Configuration.deprecation  - session.id is deprecated. Instead, use dfs.metrics.session-id
366  [main] INFO  org.apache.hadoop.metrics.jvm.JvmMetrics  - Initializing JVM Metrics with processName=JobTracker, sessionId=
933  [main] WARN  org.apache.hadoop.mapreduce.JobResourceUploader  - Hadoop command-line option parsing not performed. Implement the Tool interface and execute your application with ToolRunner to remedy this.
942  [main] WARN  org.apache.hadoop.mapreduce.JobResourceUploader  - No job jar file set.  User classes may not be found. See Job or Job#setJar(String).
959  [main] INFO  org.apache.hadoop.mapreduce.lib.input.FileInputFormat  - Total input paths to process : 1
1086 [main] INFO  org.apache.hadoop.mapreduce.JobSubmitter  - number of splits:4
1447 [main] INFO  org.apache.hadoop.mapreduce.JobSubmitter  - Submitting tokens for job: job_local736650469_0001
1791 [main] INFO  org.apache.hadoop.mapreduce.Job  - The url to track the job: http://localhost:8080/
1793 [main] INFO  org.apache.hadoop.mapreduce.Job  - Running job: job_local736650469_0001
1793 [Thread-13] INFO  org.apache.hadoop.mapred.LocalJobRunner  - OutputCommitter set in config null
1801 [Thread-13] INFO  org.apache.hadoop.mapreduce.lib.output.FileOutputCommitter  - File Output Committer Algorithm version is 1
1804 [Thread-13] INFO  org.apache.hadoop.mapred.LocalJobRunner  - OutputCommitter is org.apache.hadoop.mapreduce.lib.output.FileOutputCommitter
1872 [Thread-13] INFO  org.apache.hadoop.mapred.LocalJobRunner  - Waiting for map tasks
1873 [LocalJobRunner Map Task Executor #0] INFO  org.apache.hadoop.mapred.LocalJobRunner  - Starting task: attempt_local736650469_0001_m_000000_0
1910 [LocalJobRunner Map Task Executor #0] INFO  org.apache.hadoop.mapreduce.lib.output.FileOutputCommitter  - File Output Committer Algorithm version is 1
1919 [LocalJobRunner Map Task Executor #0] INFO  org.apache.hadoop.yarn.util.ProcfsBasedProcessTree  - ProcfsBasedProcessTree currently is supported only on Linux.
1920 [LocalJobRunner Map Task Executor #0] INFO  org.apache.hadoop.mapred.Task  -  Using ResourceCalculatorProcessTree : null
1928 [LocalJobRunner Map Task Executor #0] INFO  org.apache.hadoop.mapred.MapTask  - Processing split: file:/tmp/books.txt:0+33554432
2043 [LocalJobRunner Map Task Executor #0] INFO  org.apache.hadoop.mapred.MapTask  - (EQUATOR) 0 kvi 26214396(104857584)
2043 [LocalJobRunner Map Task Executor #0] INFO  org.apache.hadoop.mapred.MapTask  - mapreduce.task.io.sort.mb: 100
2043 [LocalJobRunner Map Task Executor #0] INFO  org.apache.hadoop.mapred.MapTask  - soft limit at 83886080
2043 [LocalJobRunner Map Task Executor #0] INFO  org.apache.hadoop.mapred.MapTask  - bufstart = 0; bufvoid = 104857600
2043 [LocalJobRunner Map Task Executor #0] INFO  org.apache.hadoop.mapred.MapTask  - kvstart = 26214396; length = 6553600
2050 [LocalJobRunner Map Task Executor #0] INFO  org.apache.hadoop.mapred.MapTask  - Map output collector class = org.apache.hadoop.mapred.MapTask$MapOutputBuffer
2800 [main] INFO  org.apache.hadoop.mapreduce.Job  - Job job_local736650469_0001 running in uber mode : false
2802 [main] INFO  org.apache.hadoop.mapreduce.Job  -  map 0% reduce 0%
3802 [LocalJobRunner Map Task Executor #0] INFO  org.apache.hadoop.mapred.MapTask  - Spilling map output
3802 [LocalJobRunner Map Task Executor #0] INFO  org.apache.hadoop.mapred.MapTask  - bufstart = 0; bufend = 31532857; bufvoid = 104857600
3802 [LocalJobRunner Map Task Executor #0] INFO  org.apache.hadoop.mapred.MapTask  - kvstart = 26214396(104857584); kvend = 13126096(52504384); length = 13088301/6553600
3803 [LocalJobRunner Map Task Executor #0] INFO  org.apache.hadoop.mapred.MapTask  - (EQUATOR) 42018612 kvi 10504648(42018592)
7938 [communication thread] INFO  org.apache.hadoop.mapred.LocalJobRunner  - map > map
8828 [main] INFO  org.apache.hadoop.mapreduce.Job  -  map 12% reduce 0%
10941 [communication thread] INFO  org.apache.hadoop.mapred.LocalJobRunner  - map > map
11767 [SpillThread] INFO  org.apache.hadoop.mapred.MapTask  - Finished spill 0
11773 [LocalJobRunner Map Task Executor #0] INFO  org.apache.hadoop.mapred.MapTask  - (RESET) equator 42018612 kv 10504648(42018592) kvi 7883220(31532880)
13685 [LocalJobRunner Map Task Executor #0] INFO  org.apache.hadoop.mapred.LocalJobRunner  - map > map
13687 [LocalJobRunner Map Task Executor #0] INFO  org.apache.hadoop.mapred.MapTask  - Starting flush of map output
13687 [LocalJobRunner Map Task Executor #0] INFO  org.apache.hadoop.mapred.MapTask  - Spilling map output
13687 [LocalJobRunner Map Task Executor #0] INFO  org.apache.hadoop.mapred.MapTask  - bufstart = 42018612; bufend = 64720885; bufvoid = 104857600
13687 [LocalJobRunner Map Task Executor #0] INFO  org.apache.hadoop.mapred.MapTask  - kvstart = 10504648(42018592); kvend = 1116480(4465920); length = 9388169/6553600
13946 [communication thread] INFO  org.apache.hadoop.mapred.LocalJobRunner  - map > sort
14847 [main] INFO  org.apache.hadoop.mapreduce.Job  -  map 17% reduce 0%
16946 [communication thread] INFO  org.apache.hadoop.mapred.LocalJobRunner  - map > sort
17015 [LocalJobRunner Map Task Executor #0] INFO  org.apache.hadoop.mapred.MapTask  - Finished spill 1
17027 [LocalJobRunner Map Task Executor #0] INFO  org.apache.hadoop.mapred.Merger  - Merging 2 sorted segments
17047 [LocalJobRunner Map Task Executor #0] INFO  org.apache.hadoop.mapred.Merger  - Down to the last merge-pass, with 2 segments left of total size: 3849008 bytes
17487 [LocalJobRunner Map Task Executor #0] INFO  org.apache.hadoop.mapred.Task  - Task:attempt_local736650469_0001_m_000000_0 is done. And is in the process of committing
17489 [LocalJobRunner Map Task Executor #0] INFO  org.apache.hadoop.mapred.LocalJobRunner  - map > sort
17490 [LocalJobRunner Map Task Executor #0] INFO  org.apache.hadoop.mapred.Task  - Task 'attempt_local736650469_0001_m_000000_0' done.
17490 [LocalJobRunner Map Task Executor #0] INFO  org.apache.hadoop.mapred.LocalJobRunner  - Finishing task: attempt_local736650469_0001_m_000000_0
17490 [LocalJobRunner Map Task Executor #0] INFO  org.apache.hadoop.mapred.LocalJobRunner  - Starting task: attempt_local736650469_0001_m_000001_0
17491 [LocalJobRunner Map Task Executor #0] INFO  org.apache.hadoop.mapreduce.lib.output.FileOutputCommitter  - File Output Committer Algorithm version is 1
17492 [LocalJobRunner Map Task Executor #0] INFO  org.apache.hadoop.yarn.util.ProcfsBasedProcessTree  - ProcfsBasedProcessTree currently is supported only on Linux.
17492 [LocalJobRunner Map Task Executor #0] INFO  org.apache.hadoop.mapred.Task  -  Using ResourceCalculatorProcessTree : null
17494 [LocalJobRunner Map Task Executor #0] INFO  org.apache.hadoop.mapred.MapTask  - Processing split: file:/tmp/books.txt:33554432+33554432
17512 [LocalJobRunner Map Task Executor #0] INFO  org.apache.hadoop.mapred.MapTask  - (EQUATOR) 0 kvi 26214396(104857584)
17512 [LocalJobRunner Map Task Executor #0] INFO  org.apache.hadoop.mapred.MapTask  - mapreduce.task.io.sort.mb: 100
17512 [LocalJobRunner Map Task Executor #0] INFO  org.apache.hadoop.mapred.MapTask  - soft limit at 83886080
17512 [LocalJobRunner Map Task Executor #0] INFO  org.apache.hadoop.mapred.MapTask  - bufstart = 0; bufvoid = 104857600
17512 [LocalJobRunner Map Task Executor #0] INFO  org.apache.hadoop.mapred.MapTask  - kvstart = 26214396; length = 6553600
17514 [LocalJobRunner Map Task Executor #0] INFO  org.apache.hadoop.mapred.MapTask  - Map output collector class = org.apache.hadoop.mapred.MapTask$MapOutputBuffer
17942 [main] INFO  org.apache.hadoop.mapreduce.Job  -  map 100% reduce 0%
19473 [LocalJobRunner Map Task Executor #0] INFO  org.apache.hadoop.mapred.MapTask  - Spilling map output
19473 [LocalJobRunner Map Task Executor #0] INFO  org.apache.hadoop.mapred.MapTask  - bufstart = 0; bufend = 31584094; bufvoid = 104857600
19474 [LocalJobRunner Map Task Executor #0] INFO  org.apache.hadoop.mapred.MapTask  - kvstart = 26214396(104857584); kvend = 13138904(52555616); length = 13075493/6553600
19474 [LocalJobRunner Map Task Executor #0] INFO  org.apache.hadoop.mapred.MapTask  - (EQUATOR) 42069847 kvi 10517456(42069824)
23501 [communication thread] INFO  org.apache.hadoop.mapred.LocalJobRunner  - map > map
23955 [main] INFO  org.apache.hadoop.mapreduce.Job  -  map 36% reduce 0%
24000 [SpillThread] INFO  org.apache.hadoop.mapred.MapTask  - Finished spill 0
24009 [LocalJobRunner Map Task Executor #0] INFO  org.apache.hadoop.mapred.MapTask  - (RESET) equator 42069847 kv 10517456(42069824) kvi 7896028(31584112)
24640 [LocalJobRunner Map Task Executor #0] INFO  org.apache.hadoop.mapred.LocalJobRunner  - map > map
24640 [LocalJobRunner Map Task Executor #0] INFO  org.apache.hadoop.mapred.MapTask  - Starting flush of map output
24640 [LocalJobRunner Map Task Executor #0] INFO  org.apache.hadoop.mapred.MapTask  - Spilling map output
24640 [LocalJobRunner Map Task Executor #0] INFO  org.apache.hadoop.mapred.MapTask  - bufstart = 42069847; bufend = 65535548; bufvoid = 104857600
24640 [LocalJobRunner Map Task Executor #0] INFO  org.apache.hadoop.mapred.MapTask  - kvstart = 10517456(42069824); kvend = 876564(3506256); length = 9640893/6553600
26506 [communication thread] INFO  org.apache.hadoop.mapred.LocalJobRunner  - map > sort
26970 [main] INFO  org.apache.hadoop.mapreduce.Job  -  map 42% reduce 0%
28009 [LocalJobRunner Map Task Executor #0] INFO  org.apache.hadoop.mapred.MapTask  - Finished spill 1
28013 [LocalJobRunner Map Task Executor #0] INFO  org.apache.hadoop.mapred.Merger  - Merging 2 sorted segments
28013 [LocalJobRunner Map Task Executor #0] INFO  org.apache.hadoop.mapred.Merger  - Down to the last merge-pass, with 2 segments left of total size: 3466883 bytes
28369 [LocalJobRunner Map Task Executor #0] INFO  org.apache.hadoop.mapred.Task  - Task:attempt_local736650469_0001_m_000001_0 is done. And is in the process of committing
28370 [LocalJobRunner Map Task Executor #0] INFO  org.apache.hadoop.mapred.LocalJobRunner  - map > sort
28370 [LocalJobRunner Map Task Executor #0] INFO  org.apache.hadoop.mapred.Task  - Task 'attempt_local736650469_0001_m_000001_0' done.
28370 [LocalJobRunner Map Task Executor #0] INFO  org.apache.hadoop.mapred.LocalJobRunner  - Finishing task: attempt_local736650469_0001_m_000001_0
28370 [LocalJobRunner Map Task Executor #0] INFO  org.apache.hadoop.mapred.LocalJobRunner  - Starting task: attempt_local736650469_0001_m_000002_0
28371 [LocalJobRunner Map Task Executor #0] INFO  org.apache.hadoop.mapreduce.lib.output.FileOutputCommitter  - File Output Committer Algorithm version is 1
28371 [LocalJobRunner Map Task Executor #0] INFO  org.apache.hadoop.yarn.util.ProcfsBasedProcessTree  - ProcfsBasedProcessTree currently is supported only on Linux.
28371 [LocalJobRunner Map Task Executor #0] INFO  org.apache.hadoop.mapred.Task  -  Using ResourceCalculatorProcessTree : null
28375 [LocalJobRunner Map Task Executor #0] INFO  org.apache.hadoop.mapred.MapTask  - Processing split: file:/tmp/books.txt:67108864+33554432
28391 [LocalJobRunner Map Task Executor #0] INFO  org.apache.hadoop.mapred.MapTask  - (EQUATOR) 0 kvi 26214396(104857584)
28391 [LocalJobRunner Map Task Executor #0] INFO  org.apache.hadoop.mapred.MapTask  - mapreduce.task.io.sort.mb: 100
28391 [LocalJobRunner Map Task Executor #0] INFO  org.apache.hadoop.mapred.MapTask  - soft limit at 83886080
28391 [LocalJobRunner Map Task Executor #0] INFO  org.apache.hadoop.mapred.MapTask  - bufstart = 0; bufvoid = 104857600
28391 [LocalJobRunner Map Task Executor #0] INFO  org.apache.hadoop.mapred.MapTask  - kvstart = 26214396; length = 6553600
28392 [LocalJobRunner Map Task Executor #0] INFO  org.apache.hadoop.mapred.MapTask  - Map output collector class = org.apache.hadoop.mapred.MapTask$MapOutputBuffer
29094 [main] INFO  org.apache.hadoop.mapreduce.Job  -  map 100% reduce 0%
29819 [LocalJobRunner Map Task Executor #0] INFO  org.apache.hadoop.mapred.MapTask  - Spilling map output
29819 [LocalJobRunner Map Task Executor #0] INFO  org.apache.hadoop.mapred.MapTask  - bufstart = 0; bufend = 31576137; bufvoid = 104857600
29820 [LocalJobRunner Map Task Executor #0] INFO  org.apache.hadoop.mapred.MapTask  - kvstart = 26214396(104857584); kvend = 13136912(52547648); length = 13077485/6553600
29820 [LocalJobRunner Map Task Executor #0] INFO  org.apache.hadoop.mapred.MapTask  - (EQUATOR) 42061884 kvi 10515464(42061856)
34207 [SpillThread] INFO  org.apache.hadoop.mapred.MapTask  - Finished spill 0
34209 [LocalJobRunner Map Task Executor #0] INFO  org.apache.hadoop.mapred.MapTask  - (RESET) equator 42061884 kv 10515464(42061856) kvi 7894040(31576160)
34380 [communication thread] INFO  org.apache.hadoop.mapred.LocalJobRunner  - map > map
35046 [LocalJobRunner Map Task Executor #0] INFO  org.apache.hadoop.mapred.LocalJobRunner  - map > map
35046 [LocalJobRunner Map Task Executor #0] INFO  org.apache.hadoop.mapred.MapTask  - Starting flush of map output
35046 [LocalJobRunner Map Task Executor #0] INFO  org.apache.hadoop.mapred.MapTask  - Spilling map output
35047 [LocalJobRunner Map Task Executor #0] INFO  org.apache.hadoop.mapred.MapTask  - bufstart = 42061884; bufend = 65518537; bufvoid = 104857600
35047 [LocalJobRunner Map Task Executor #0] INFO  org.apache.hadoop.mapred.MapTask  - kvstart = 10515464(42061856); kvend = 907348(3629392); length = 9608117/6553600
35100 [main] INFO  org.apache.hadoop.mapreduce.Job  -  map 63% reduce 0%
37384 [communication thread] INFO  org.apache.hadoop.mapred.LocalJobRunner  - map > sort
37777 [LocalJobRunner Map Task Executor #0] INFO  org.apache.hadoop.mapred.MapTask  - Finished spill 1
37781 [LocalJobRunner Map Task Executor #0] INFO  org.apache.hadoop.mapred.Merger  - Merging 2 sorted segments
37782 [LocalJobRunner Map Task Executor #0] INFO  org.apache.hadoop.mapred.Merger  - Down to the last merge-pass, with 2 segments left of total size: 3695831 bytes
38108 [main] INFO  org.apache.hadoop.mapreduce.Job  -  map 67% reduce 0%
38152 [LocalJobRunner Map Task Executor #0] INFO  org.apache.hadoop.mapred.Task  - Task:attempt_local736650469_0001_m_000002_0 is done. And is in the process of committing
38154 [LocalJobRunner Map Task Executor #0] INFO  org.apache.hadoop.mapred.LocalJobRunner  - map > sort
38154 [LocalJobRunner Map Task Executor #0] INFO  org.apache.hadoop.mapred.Task  - Task 'attempt_local736650469_0001_m_000002_0' done.
38154 [LocalJobRunner Map Task Executor #0] INFO  org.apache.hadoop.mapred.LocalJobRunner  - Finishing task: attempt_local736650469_0001_m_000002_0
38154 [LocalJobRunner Map Task Executor #0] INFO  org.apache.hadoop.mapred.LocalJobRunner  - Starting task: attempt_local736650469_0001_m_000003_0
38155 [LocalJobRunner Map Task Executor #0] INFO  org.apache.hadoop.mapreduce.lib.output.FileOutputCommitter  - File Output Committer Algorithm version is 1
38156 [LocalJobRunner Map Task Executor #0] INFO  org.apache.hadoop.yarn.util.ProcfsBasedProcessTree  - ProcfsBasedProcessTree currently is supported only on Linux.
38156 [LocalJobRunner Map Task Executor #0] INFO  org.apache.hadoop.mapred.Task  -  Using ResourceCalculatorProcessTree : null
38157 [LocalJobRunner Map Task Executor #0] INFO  org.apache.hadoop.mapred.MapTask  - Processing split: file:/tmp/books.txt:100663296+12568591
38173 [LocalJobRunner Map Task Executor #0] INFO  org.apache.hadoop.mapred.MapTask  - (EQUATOR) 0 kvi 26214396(104857584)
38174 [LocalJobRunner Map Task Executor #0] INFO  org.apache.hadoop.mapred.MapTask  - mapreduce.task.io.sort.mb: 100
38174 [LocalJobRunner Map Task Executor #0] INFO  org.apache.hadoop.mapred.MapTask  - soft limit at 83886080
38174 [LocalJobRunner Map Task Executor #0] INFO  org.apache.hadoop.mapred.MapTask  - bufstart = 0; bufvoid = 104857600
38174 [LocalJobRunner Map Task Executor #0] INFO  org.apache.hadoop.mapred.MapTask  - kvstart = 26214396; length = 6553600
38175 [LocalJobRunner Map Task Executor #0] INFO  org.apache.hadoop.mapred.MapTask  - Map output collector class = org.apache.hadoop.mapred.MapTask$MapOutputBuffer
39111 [main] INFO  org.apache.hadoop.mapreduce.Job  -  map 100% reduce 0%
39127 [LocalJobRunner Map Task Executor #0] INFO  org.apache.hadoop.mapred.LocalJobRunner  - 
39127 [LocalJobRunner Map Task Executor #0] INFO  org.apache.hadoop.mapred.MapTask  - Starting flush of map output
39127 [LocalJobRunner Map Task Executor #0] INFO  org.apache.hadoop.mapred.MapTask  - Spilling map output
39127 [LocalJobRunner Map Task Executor #0] INFO  org.apache.hadoop.mapred.MapTask  - bufstart = 0; bufend = 20990915; bufvoid = 104857600
39127 [LocalJobRunner Map Task Executor #0] INFO  org.apache.hadoop.mapred.MapTask  - kvstart = 26214396(104857584); kvend = 17470680(69882720); length = 8743717/6553600
40116 [main] INFO  org.apache.hadoop.mapreduce.Job  -  map 75% reduce 0%
41568 [LocalJobRunner Map Task Executor #0] INFO  org.apache.hadoop.mapred.MapTask  - Finished spill 0
41572 [LocalJobRunner Map Task Executor #0] INFO  org.apache.hadoop.mapred.Task  - Task:attempt_local736650469_0001_m_000003_0 is done. And is in the process of committing
41574 [LocalJobRunner Map Task Executor #0] INFO  org.apache.hadoop.mapred.LocalJobRunner  - map
41574 [LocalJobRunner Map Task Executor #0] INFO  org.apache.hadoop.mapred.Task  - Task 'attempt_local736650469_0001_m_000003_0' done.
41574 [LocalJobRunner Map Task Executor #0] INFO  org.apache.hadoop.mapred.LocalJobRunner  - Finishing task: attempt_local736650469_0001_m_000003_0
41574 [Thread-13] INFO  org.apache.hadoop.mapred.LocalJobRunner  - map task executor complete.
41579 [Thread-13] INFO  org.apache.hadoop.mapred.LocalJobRunner  - Waiting for reduce tasks
41579 [pool-3-thread-1] INFO  org.apache.hadoop.mapred.LocalJobRunner  - Starting task: attempt_local736650469_0001_r_000000_0
41586 [pool-3-thread-1] INFO  org.apache.hadoop.mapreduce.lib.output.FileOutputCommitter  - File Output Committer Algorithm version is 1
41587 [pool-3-thread-1] INFO  org.apache.hadoop.yarn.util.ProcfsBasedProcessTree  - ProcfsBasedProcessTree currently is supported only on Linux.
41587 [pool-3-thread-1] INFO  org.apache.hadoop.mapred.Task  -  Using ResourceCalculatorProcessTree : null
41590 [pool-3-thread-1] INFO  org.apache.hadoop.mapred.ReduceTask  - Using ShuffleConsumerPlugin: org.apache.hadoop.mapreduce.task.reduce.Shuffle@72a53018
41604 [pool-3-thread-1] INFO  org.apache.hadoop.mapreduce.task.reduce.MergeManagerImpl  - MergerManager: memoryLimit=1336252800, maxSingleShuffleLimit=334063200, mergeThreshold=881926912, ioSortFactor=10, memToMemMergeOutputsThreshold=10
41606 [EventFetcher for fetching Map Completion Events] INFO  org.apache.hadoop.mapreduce.task.reduce.EventFetcher  - attempt_local736650469_0001_r_000000_0 Thread started: EventFetcher for fetching Map Completion Events
41640 [localfetcher#1] INFO  org.apache.hadoop.mapreduce.task.reduce.LocalFetcher  - localfetcher#1 about to shuffle output of map attempt_local736650469_0001_m_000002_0 decomp: 3695829 len: 3695833 to MEMORY
41647 [localfetcher#1] INFO  org.apache.hadoop.mapreduce.task.reduce.InMemoryMapOutput  - Read 3695829 bytes from map-output for attempt_local736650469_0001_m_000002_0
41648 [localfetcher#1] INFO  org.apache.hadoop.mapreduce.task.reduce.MergeManagerImpl  - closeInMemoryFile -> map-output of size: 3695829, inMemoryMapOutputs.size() -> 1, commitMemory -> 0, usedMemory ->3695829
41651 [localfetcher#1] INFO  org.apache.hadoop.mapreduce.task.reduce.LocalFetcher  - localfetcher#1 about to shuffle output of map attempt_local736650469_0001_m_000001_0 decomp: 3466881 len: 3466885 to MEMORY
41656 [localfetcher#1] INFO  org.apache.hadoop.mapreduce.task.reduce.InMemoryMapOutput  - Read 3466881 bytes from map-output for attempt_local736650469_0001_m_000001_0
41656 [localfetcher#1] INFO  org.apache.hadoop.mapreduce.task.reduce.MergeManagerImpl  - closeInMemoryFile -> map-output of size: 3466881, inMemoryMapOutputs.size() -> 2, commitMemory -> 3695829, usedMemory ->7162710
41658 [localfetcher#1] INFO  org.apache.hadoop.mapreduce.task.reduce.LocalFetcher  - localfetcher#1 about to shuffle output of map attempt_local736650469_0001_m_000000_0 decomp: 3849007 len: 3849011 to MEMORY
41669 [localfetcher#1] INFO  org.apache.hadoop.mapreduce.task.reduce.InMemoryMapOutput  - Read 3849007 bytes from map-output for attempt_local736650469_0001_m_000000_0
41669 [localfetcher#1] INFO  org.apache.hadoop.mapreduce.task.reduce.MergeManagerImpl  - closeInMemoryFile -> map-output of size: 3849007, inMemoryMapOutputs.size() -> 3, commitMemory -> 7162710, usedMemory ->11011717
41671 [localfetcher#1] INFO  org.apache.hadoop.mapreduce.task.reduce.LocalFetcher  - localfetcher#1 about to shuffle output of map attempt_local736650469_0001_m_000003_0 decomp: 2372173 len: 2372177 to MEMORY
41673 [localfetcher#1] INFO  org.apache.hadoop.mapreduce.task.reduce.InMemoryMapOutput  - Read 2372173 bytes from map-output for attempt_local736650469_0001_m_000003_0
41673 [localfetcher#1] INFO  org.apache.hadoop.mapreduce.task.reduce.MergeManagerImpl  - closeInMemoryFile -> map-output of size: 2372173, inMemoryMapOutputs.size() -> 4, commitMemory -> 11011717, usedMemory ->13383890
41674 [EventFetcher for fetching Map Completion Events] INFO  org.apache.hadoop.mapreduce.task.reduce.EventFetcher  - EventFetcher is interrupted.. Returning
41675 [pool-3-thread-1] INFO  org.apache.hadoop.mapred.LocalJobRunner  - 4 / 4 copied.
41676 [pool-3-thread-1] INFO  org.apache.hadoop.mapreduce.task.reduce.MergeManagerImpl  - finalMerge called with 4 in-memory map-outputs and 0 on-disk map-outputs
41679 [pool-3-thread-1] INFO  org.apache.hadoop.mapred.Merger  - Merging 4 sorted segments
41679 [pool-3-thread-1] INFO  org.apache.hadoop.mapred.Merger  - Down to the last merge-pass, with 4 segments left of total size: 13383873 bytes
42127 [main] INFO  org.apache.hadoop.mapreduce.Job  -  map 100% reduce 0%
42901 [pool-3-thread-1] INFO  org.apache.hadoop.mapreduce.task.reduce.MergeManagerImpl  - Merged 4 segments, 13383890 bytes to disk to satisfy reduce memory limit
42901 [pool-3-thread-1] INFO  org.apache.hadoop.mapreduce.task.reduce.MergeManagerImpl  - Merging 1 files, 13383888 bytes from disk
42902 [pool-3-thread-1] INFO  org.apache.hadoop.mapreduce.task.reduce.MergeManagerImpl  - Merging 0 segments, 0 bytes from memory into reduce
42902 [pool-3-thread-1] INFO  org.apache.hadoop.mapred.Merger  - Merging 1 sorted segments
42902 [pool-3-thread-1] INFO  org.apache.hadoop.mapred.Merger  - Down to the last merge-pass, with 1 segments left of total size: 13383880 bytes
42903 [pool-3-thread-1] INFO  org.apache.hadoop.mapred.LocalJobRunner  - 4 / 4 copied.
42925 [pool-3-thread-1] INFO  org.apache.hadoop.conf.Configuration.deprecation  - mapred.skip.on is deprecated. Instead, use mapreduce.job.skiprecords
44239 [pool-3-thread-1] INFO  org.apache.hadoop.mapred.Task  - Task:attempt_local736650469_0001_r_000000_0 is done. And is in the process of committing
44240 [pool-3-thread-1] INFO  org.apache.hadoop.mapred.LocalJobRunner  - 4 / 4 copied.
44240 [pool-3-thread-1] INFO  org.apache.hadoop.mapred.Task  - Task attempt_local736650469_0001_r_000000_0 is allowed to commit now
44243 [pool-3-thread-1] INFO  org.apache.hadoop.mapreduce.lib.output.FileOutputCommitter  - Saved output of task 'attempt_local736650469_0001_r_000000_0' to file:/tmp/output/_temporary/0/task_local736650469_0001_r_000000
44244 [pool-3-thread-1] INFO  org.apache.hadoop.mapred.LocalJobRunner  - reduce > reduce
44244 [pool-3-thread-1] INFO  org.apache.hadoop.mapred.Task  - Task 'attempt_local736650469_0001_r_000000_0' done.
44244 [pool-3-thread-1] INFO  org.apache.hadoop.mapred.LocalJobRunner  - Finishing task: attempt_local736650469_0001_r_000000_0
44244 [Thread-13] INFO  org.apache.hadoop.mapred.LocalJobRunner  - reduce task executor complete.
45135 [main] INFO  org.apache.hadoop.mapreduce.Job  -  map 100% reduce 100%
45136 [main] INFO  org.apache.hadoop.mapreduce.Job  - Job job_local736650469_0001 completed successfully
45155 [main] INFO  org.apache.hadoop.mapreduce.Job  - Counters: 30
	File System Counters
		FILE: Number of bytes read=502241188
		FILE: Number of bytes written=113535409
		FILE: Number of read operations=0
		FILE: Number of large read operations=0
		FILE: Number of write operations=0
	Map-Reduce Framework
		Map input records=2234881
		Map output records=19155549
		Map output bytes=185308630
		Map output materialized bytes=13383906
		Input split bytes=336
		Combine input records=19155549
		Combine output records=869760
		Reduce input groups=456519
		Reduce shuffle bytes=13383906
		Reduce input records=869760
		Reduce output records=456519
		Spilled Records=2462255
		Shuffled Maps =4
		Failed Shuffles=0
		Merged Map outputs=4
		GC time elapsed (ms)=569
		Total committed heap usage (bytes)=4715446272
	Shuffle Errors
		BAD_ID=0
		CONNECTION=0
		IO_ERROR=0
		WRONG_LENGTH=0
		WRONG_MAP=0
		WRONG_REDUCE=0
	File Input Format Counters 
		Bytes Read=114153387
	File Output Format Counters 
		Bytes Written=5665304
