0    [main] WARN  org.apache.hadoop.util.NativeCodeLoader  - Unable to load native-hadoop library for your platform... using builtin-java classes where applicable
286  [main] INFO  org.apache.hadoop.conf.Configuration.deprecation  - session.id is deprecated. Instead, use dfs.metrics.session-id
287  [main] INFO  org.apache.hadoop.metrics.jvm.JvmMetrics  - Initializing JVM Metrics with processName=JobTracker, sessionId=
580  [main] WARN  org.apache.hadoop.mapreduce.JobResourceUploader  - Hadoop command-line option parsing not performed. Implement the Tool interface and execute your application with ToolRunner to remedy this.
586  [main] WARN  org.apache.hadoop.mapreduce.JobResourceUploader  - No job jar file set.  User classes may not be found. See Job or Job#setJar(String).
600  [main] INFO  org.apache.hadoop.mapreduce.lib.input.FileInputFormat  - Total input paths to process : 1
717  [main] INFO  org.apache.hadoop.mapreduce.JobSubmitter  - number of splits:4
978  [main] INFO  org.apache.hadoop.mapreduce.JobSubmitter  - Submitting tokens for job: job_local1525661708_0001
1385 [main] INFO  org.apache.hadoop.mapreduce.Job  - The url to track the job: http://localhost:8080/
1386 [main] INFO  org.apache.hadoop.mapreduce.Job  - Running job: job_local1525661708_0001
1387 [Thread-13] INFO  org.apache.hadoop.mapred.LocalJobRunner  - OutputCommitter set in config null
1395 [Thread-13] INFO  org.apache.hadoop.mapreduce.lib.output.FileOutputCommitter  - File Output Committer Algorithm version is 1
1398 [Thread-13] INFO  org.apache.hadoop.mapred.LocalJobRunner  - OutputCommitter is org.apache.hadoop.mapreduce.lib.output.FileOutputCommitter
1463 [Thread-13] INFO  org.apache.hadoop.mapred.LocalJobRunner  - Waiting for map tasks
1463 [LocalJobRunner Map Task Executor #0] INFO  org.apache.hadoop.mapred.LocalJobRunner  - Starting task: attempt_local1525661708_0001_m_000000_0
1511 [LocalJobRunner Map Task Executor #0] INFO  org.apache.hadoop.mapreduce.lib.output.FileOutputCommitter  - File Output Committer Algorithm version is 1
1521 [LocalJobRunner Map Task Executor #0] INFO  org.apache.hadoop.yarn.util.ProcfsBasedProcessTree  - ProcfsBasedProcessTree currently is supported only on Linux.
1521 [LocalJobRunner Map Task Executor #0] INFO  org.apache.hadoop.mapred.Task  -  Using ResourceCalculatorProcessTree : null
1526 [LocalJobRunner Map Task Executor #0] INFO  org.apache.hadoop.mapred.MapTask  - Processing split: file:/tmp/books.txt:0+33554432
1655 [LocalJobRunner Map Task Executor #0] INFO  org.apache.hadoop.mapred.MapTask  - (EQUATOR) 0 kvi 26214396(104857584)
1656 [LocalJobRunner Map Task Executor #0] INFO  org.apache.hadoop.mapred.MapTask  - mapreduce.task.io.sort.mb: 100
1656 [LocalJobRunner Map Task Executor #0] INFO  org.apache.hadoop.mapred.MapTask  - soft limit at 83886080
1656 [LocalJobRunner Map Task Executor #0] INFO  org.apache.hadoop.mapred.MapTask  - bufstart = 0; bufvoid = 104857600
1656 [LocalJobRunner Map Task Executor #0] INFO  org.apache.hadoop.mapred.MapTask  - kvstart = 26214396; length = 6553600
1662 [LocalJobRunner Map Task Executor #0] INFO  org.apache.hadoop.mapred.MapTask  - Map output collector class = org.apache.hadoop.mapred.MapTask$MapOutputBuffer
2396 [main] INFO  org.apache.hadoop.mapreduce.Job  - Job job_local1525661708_0001 running in uber mode : false
2399 [main] INFO  org.apache.hadoop.mapreduce.Job  -  map 0% reduce 0%
3525 [LocalJobRunner Map Task Executor #0] INFO  org.apache.hadoop.mapred.MapTask  - Spilling map output
3525 [LocalJobRunner Map Task Executor #0] INFO  org.apache.hadoop.mapred.MapTask  - bufstart = 0; bufend = 31532857; bufvoid = 104857600
3525 [LocalJobRunner Map Task Executor #0] INFO  org.apache.hadoop.mapred.MapTask  - kvstart = 26214396(104857584); kvend = 13126096(52504384); length = 13088301/6553600
3525 [LocalJobRunner Map Task Executor #0] INFO  org.apache.hadoop.mapred.MapTask  - (EQUATOR) 42018612 kvi 10504648(42018592)
7523 [communication thread] INFO  org.apache.hadoop.mapred.LocalJobRunner  - map > map
8418 [main] INFO  org.apache.hadoop.mapreduce.Job  -  map 12% reduce 0%
9530 [SpillThread] INFO  org.apache.hadoop.mapred.MapTask  - Finished spill 0
9536 [LocalJobRunner Map Task Executor #0] INFO  org.apache.hadoop.mapred.MapTask  - (RESET) equator 42018612 kv 10504648(42018592) kvi 7883220(31532880)
10280 [LocalJobRunner Map Task Executor #0] INFO  org.apache.hadoop.mapred.LocalJobRunner  - map > map
10280 [LocalJobRunner Map Task Executor #0] INFO  org.apache.hadoop.mapred.MapTask  - Starting flush of map output
10280 [LocalJobRunner Map Task Executor #0] INFO  org.apache.hadoop.mapred.MapTask  - Spilling map output
10280 [LocalJobRunner Map Task Executor #0] INFO  org.apache.hadoop.mapred.MapTask  - bufstart = 42018612; bufend = 64720885; bufvoid = 104857600
10280 [LocalJobRunner Map Task Executor #0] INFO  org.apache.hadoop.mapred.MapTask  - kvstart = 10504648(42018592); kvend = 1116480(4465920); length = 9388169/6553600
10529 [communication thread] INFO  org.apache.hadoop.mapred.LocalJobRunner  - map > sort
11430 [main] INFO  org.apache.hadoop.mapreduce.Job  -  map 17% reduce 0%
13533 [communication thread] INFO  org.apache.hadoop.mapred.LocalJobRunner  - map > sort
14025 [LocalJobRunner Map Task Executor #0] INFO  org.apache.hadoop.mapred.MapTask  - Finished spill 1
14038 [LocalJobRunner Map Task Executor #0] INFO  org.apache.hadoop.mapred.Merger  - Merging 2 sorted segments
14063 [LocalJobRunner Map Task Executor #0] INFO  org.apache.hadoop.mapred.Merger  - Down to the last merge-pass, with 2 segments left of total size: 65473371 bytes
16538 [communication thread] INFO  org.apache.hadoop.mapred.LocalJobRunner  - map > sort > 
17437 [main] INFO  org.apache.hadoop.mapreduce.Job  -  map 20% reduce 0%
19540 [communication thread] INFO  org.apache.hadoop.mapred.LocalJobRunner  - map > sort > 
20448 [main] INFO  org.apache.hadoop.mapreduce.Job  -  map 23% reduce 0%
21976 [LocalJobRunner Map Task Executor #0] INFO  org.apache.hadoop.mapred.Task  - Task:attempt_local1525661708_0001_m_000000_0 is done. And is in the process of committing
21978 [LocalJobRunner Map Task Executor #0] INFO  org.apache.hadoop.mapred.LocalJobRunner  - map > sort
21978 [LocalJobRunner Map Task Executor #0] INFO  org.apache.hadoop.mapred.Task  - Task 'attempt_local1525661708_0001_m_000000_0' done.
21978 [LocalJobRunner Map Task Executor #0] INFO  org.apache.hadoop.mapred.LocalJobRunner  - Finishing task: attempt_local1525661708_0001_m_000000_0
21978 [LocalJobRunner Map Task Executor #0] INFO  org.apache.hadoop.mapred.LocalJobRunner  - Starting task: attempt_local1525661708_0001_m_000001_0
21979 [LocalJobRunner Map Task Executor #0] INFO  org.apache.hadoop.mapreduce.lib.output.FileOutputCommitter  - File Output Committer Algorithm version is 1
21980 [LocalJobRunner Map Task Executor #0] INFO  org.apache.hadoop.yarn.util.ProcfsBasedProcessTree  - ProcfsBasedProcessTree currently is supported only on Linux.
21980 [LocalJobRunner Map Task Executor #0] INFO  org.apache.hadoop.mapred.Task  -  Using ResourceCalculatorProcessTree : null
21985 [LocalJobRunner Map Task Executor #0] INFO  org.apache.hadoop.mapred.MapTask  - Processing split: file:/tmp/books.txt:33554432+33554432
22001 [LocalJobRunner Map Task Executor #0] INFO  org.apache.hadoop.mapred.MapTask  - (EQUATOR) 0 kvi 26214396(104857584)
22001 [LocalJobRunner Map Task Executor #0] INFO  org.apache.hadoop.mapred.MapTask  - mapreduce.task.io.sort.mb: 100
22001 [LocalJobRunner Map Task Executor #0] INFO  org.apache.hadoop.mapred.MapTask  - soft limit at 83886080
22002 [LocalJobRunner Map Task Executor #0] INFO  org.apache.hadoop.mapred.MapTask  - bufstart = 0; bufvoid = 104857600
22002 [LocalJobRunner Map Task Executor #0] INFO  org.apache.hadoop.mapred.MapTask  - kvstart = 26214396; length = 6553600
22002 [LocalJobRunner Map Task Executor #0] INFO  org.apache.hadoop.mapred.MapTask  - Map output collector class = org.apache.hadoop.mapred.MapTask$MapOutputBuffer
22453 [main] INFO  org.apache.hadoop.mapreduce.Job  -  map 100% reduce 0%
23629 [LocalJobRunner Map Task Executor #0] INFO  org.apache.hadoop.mapred.MapTask  - Spilling map output
23629 [LocalJobRunner Map Task Executor #0] INFO  org.apache.hadoop.mapred.MapTask  - bufstart = 0; bufend = 31584094; bufvoid = 104857600
23629 [LocalJobRunner Map Task Executor #0] INFO  org.apache.hadoop.mapred.MapTask  - kvstart = 26214396(104857584); kvend = 13138904(52555616); length = 13075493/6553600
23629 [LocalJobRunner Map Task Executor #0] INFO  org.apache.hadoop.mapred.MapTask  - (EQUATOR) 42069847 kvi 10517456(42069824)
27987 [communication thread] INFO  org.apache.hadoop.mapred.LocalJobRunner  - map > map
28464 [main] INFO  org.apache.hadoop.mapreduce.Job  -  map 36% reduce 0%
29230 [SpillThread] INFO  org.apache.hadoop.mapred.MapTask  - Finished spill 0
29235 [LocalJobRunner Map Task Executor #0] INFO  org.apache.hadoop.mapred.MapTask  - (RESET) equator 42069847 kv 10517456(42069824) kvi 7896028(31584112)
29888 [LocalJobRunner Map Task Executor #0] INFO  org.apache.hadoop.mapred.LocalJobRunner  - map > map
29888 [LocalJobRunner Map Task Executor #0] INFO  org.apache.hadoop.mapred.MapTask  - Starting flush of map output
29888 [LocalJobRunner Map Task Executor #0] INFO  org.apache.hadoop.mapred.MapTask  - Spilling map output
29888 [LocalJobRunner Map Task Executor #0] INFO  org.apache.hadoop.mapred.MapTask  - bufstart = 42069847; bufend = 65535548; bufvoid = 104857600
29888 [LocalJobRunner Map Task Executor #0] INFO  org.apache.hadoop.mapred.MapTask  - kvstart = 10517456(42069824); kvend = 876564(3506256); length = 9640893/6553600
30988 [communication thread] INFO  org.apache.hadoop.mapred.LocalJobRunner  - map > sort
31471 [main] INFO  org.apache.hadoop.mapreduce.Job  -  map 42% reduce 0%
33841 [LocalJobRunner Map Task Executor #0] INFO  org.apache.hadoop.mapred.MapTask  - Finished spill 1
33850 [LocalJobRunner Map Task Executor #0] INFO  org.apache.hadoop.mapred.Merger  - Merging 2 sorted segments
33851 [LocalJobRunner Map Task Executor #0] INFO  org.apache.hadoop.mapred.Merger  - Down to the last merge-pass, with 2 segments left of total size: 66407995 bytes
33992 [communication thread] INFO  org.apache.hadoop.mapred.LocalJobRunner  - map > sort > 
36993 [communication thread] INFO  org.apache.hadoop.mapred.LocalJobRunner  - map > sort > 
37486 [main] INFO  org.apache.hadoop.mapreduce.Job  -  map 45% reduce 0%
39994 [communication thread] INFO  org.apache.hadoop.mapred.LocalJobRunner  - map > sort > 
40498 [main] INFO  org.apache.hadoop.mapreduce.Job  -  map 49% reduce 0%
41172 [LocalJobRunner Map Task Executor #0] INFO  org.apache.hadoop.mapred.Task  - Task:attempt_local1525661708_0001_m_000001_0 is done. And is in the process of committing
41173 [LocalJobRunner Map Task Executor #0] INFO  org.apache.hadoop.mapred.LocalJobRunner  - map > sort
41173 [LocalJobRunner Map Task Executor #0] INFO  org.apache.hadoop.mapred.Task  - Task 'attempt_local1525661708_0001_m_000001_0' done.
41173 [LocalJobRunner Map Task Executor #0] INFO  org.apache.hadoop.mapred.LocalJobRunner  - Finishing task: attempt_local1525661708_0001_m_000001_0
41173 [LocalJobRunner Map Task Executor #0] INFO  org.apache.hadoop.mapred.LocalJobRunner  - Starting task: attempt_local1525661708_0001_m_000002_0
41174 [LocalJobRunner Map Task Executor #0] INFO  org.apache.hadoop.mapreduce.lib.output.FileOutputCommitter  - File Output Committer Algorithm version is 1
41174 [LocalJobRunner Map Task Executor #0] INFO  org.apache.hadoop.yarn.util.ProcfsBasedProcessTree  - ProcfsBasedProcessTree currently is supported only on Linux.
41174 [LocalJobRunner Map Task Executor #0] INFO  org.apache.hadoop.mapred.Task  -  Using ResourceCalculatorProcessTree : null
41179 [LocalJobRunner Map Task Executor #0] INFO  org.apache.hadoop.mapred.MapTask  - Processing split: file:/tmp/books.txt:67108864+33554432
41193 [LocalJobRunner Map Task Executor #0] INFO  org.apache.hadoop.mapred.MapTask  - (EQUATOR) 0 kvi 26214396(104857584)
41193 [LocalJobRunner Map Task Executor #0] INFO  org.apache.hadoop.mapred.MapTask  - mapreduce.task.io.sort.mb: 100
41193 [LocalJobRunner Map Task Executor #0] INFO  org.apache.hadoop.mapred.MapTask  - soft limit at 83886080
41193 [LocalJobRunner Map Task Executor #0] INFO  org.apache.hadoop.mapred.MapTask  - bufstart = 0; bufvoid = 104857600
41193 [LocalJobRunner Map Task Executor #0] INFO  org.apache.hadoop.mapred.MapTask  - kvstart = 26214396; length = 6553600
41194 [LocalJobRunner Map Task Executor #0] INFO  org.apache.hadoop.mapred.MapTask  - Map output collector class = org.apache.hadoop.mapred.MapTask$MapOutputBuffer
41501 [main] INFO  org.apache.hadoop.mapreduce.Job  -  map 100% reduce 0%
42497 [LocalJobRunner Map Task Executor #0] INFO  org.apache.hadoop.mapred.MapTask  - Spilling map output
42497 [LocalJobRunner Map Task Executor #0] INFO  org.apache.hadoop.mapred.MapTask  - bufstart = 0; bufend = 31576137; bufvoid = 104857600
42497 [LocalJobRunner Map Task Executor #0] INFO  org.apache.hadoop.mapred.MapTask  - kvstart = 26214396(104857584); kvend = 13136912(52547648); length = 13077485/6553600
42497 [LocalJobRunner Map Task Executor #0] INFO  org.apache.hadoop.mapred.MapTask  - (EQUATOR) 42061884 kvi 10515464(42061856)
47181 [communication thread] INFO  org.apache.hadoop.mapred.LocalJobRunner  - map > map
47525 [main] INFO  org.apache.hadoop.mapreduce.Job  -  map 61% reduce 0%
48263 [SpillThread] INFO  org.apache.hadoop.mapred.MapTask  - Finished spill 0
48269 [LocalJobRunner Map Task Executor #0] INFO  org.apache.hadoop.mapred.MapTask  - (RESET) equator 42061884 kv 10515464(42061856) kvi 7894040(31576160)
48928 [LocalJobRunner Map Task Executor #0] INFO  org.apache.hadoop.mapred.LocalJobRunner  - map > map
48928 [LocalJobRunner Map Task Executor #0] INFO  org.apache.hadoop.mapred.MapTask  - Starting flush of map output
48928 [LocalJobRunner Map Task Executor #0] INFO  org.apache.hadoop.mapred.MapTask  - Spilling map output
48928 [LocalJobRunner Map Task Executor #0] INFO  org.apache.hadoop.mapred.MapTask  - bufstart = 42061884; bufend = 65518537; bufvoid = 104857600
48928 [LocalJobRunner Map Task Executor #0] INFO  org.apache.hadoop.mapred.MapTask  - kvstart = 10515464(42061856); kvend = 907348(3629392); length = 9608117/6553600
50185 [communication thread] INFO  org.apache.hadoop.mapred.LocalJobRunner  - map > sort
50537 [main] INFO  org.apache.hadoop.mapreduce.Job  -  map 67% reduce 0%
53189 [communication thread] INFO  org.apache.hadoop.mapred.LocalJobRunner  - map > sort
54395 [LocalJobRunner Map Task Executor #0] INFO  org.apache.hadoop.mapred.MapTask  - Finished spill 1
54403 [LocalJobRunner Map Task Executor #0] INFO  org.apache.hadoop.mapred.Merger  - Merging 2 sorted segments
54404 [LocalJobRunner Map Task Executor #0] INFO  org.apache.hadoop.mapred.Merger  - Down to the last merge-pass, with 2 segments left of total size: 66375598 bytes
56191 [communication thread] INFO  org.apache.hadoop.mapred.LocalJobRunner  - map > sort > 
56555 [main] INFO  org.apache.hadoop.mapreduce.Job  -  map 69% reduce 0%
59193 [communication thread] INFO  org.apache.hadoop.mapred.LocalJobRunner  - map > sort > 
59561 [main] INFO  org.apache.hadoop.mapreduce.Job  -  map 72% reduce 0%
61650 [LocalJobRunner Map Task Executor #0] INFO  org.apache.hadoop.mapred.Task  - Task:attempt_local1525661708_0001_m_000002_0 is done. And is in the process of committing
61652 [LocalJobRunner Map Task Executor #0] INFO  org.apache.hadoop.mapred.LocalJobRunner  - map > sort
61652 [LocalJobRunner Map Task Executor #0] INFO  org.apache.hadoop.mapred.Task  - Task 'attempt_local1525661708_0001_m_000002_0' done.
61652 [LocalJobRunner Map Task Executor #0] INFO  org.apache.hadoop.mapred.LocalJobRunner  - Finishing task: attempt_local1525661708_0001_m_000002_0
61652 [LocalJobRunner Map Task Executor #0] INFO  org.apache.hadoop.mapred.LocalJobRunner  - Starting task: attempt_local1525661708_0001_m_000003_0
61653 [LocalJobRunner Map Task Executor #0] INFO  org.apache.hadoop.mapreduce.lib.output.FileOutputCommitter  - File Output Committer Algorithm version is 1
61653 [LocalJobRunner Map Task Executor #0] INFO  org.apache.hadoop.yarn.util.ProcfsBasedProcessTree  - ProcfsBasedProcessTree currently is supported only on Linux.
61654 [LocalJobRunner Map Task Executor #0] INFO  org.apache.hadoop.mapred.Task  -  Using ResourceCalculatorProcessTree : null
61658 [LocalJobRunner Map Task Executor #0] INFO  org.apache.hadoop.mapred.MapTask  - Processing split: file:/tmp/books.txt:100663296+12568591
61819 [LocalJobRunner Map Task Executor #0] INFO  org.apache.hadoop.mapred.MapTask  - (EQUATOR) 0 kvi 26214396(104857584)
61819 [LocalJobRunner Map Task Executor #0] INFO  org.apache.hadoop.mapred.MapTask  - mapreduce.task.io.sort.mb: 100
61819 [LocalJobRunner Map Task Executor #0] INFO  org.apache.hadoop.mapred.MapTask  - soft limit at 83886080
61819 [LocalJobRunner Map Task Executor #0] INFO  org.apache.hadoop.mapred.MapTask  - bufstart = 0; bufvoid = 104857600
61819 [LocalJobRunner Map Task Executor #0] INFO  org.apache.hadoop.mapred.MapTask  - kvstart = 26214396; length = 6553600
61820 [LocalJobRunner Map Task Executor #0] INFO  org.apache.hadoop.mapred.MapTask  - Map output collector class = org.apache.hadoop.mapred.MapTask$MapOutputBuffer
62568 [main] INFO  org.apache.hadoop.mapreduce.Job  -  map 100% reduce 0%
63328 [LocalJobRunner Map Task Executor #0] INFO  org.apache.hadoop.mapred.LocalJobRunner  - 
63328 [LocalJobRunner Map Task Executor #0] INFO  org.apache.hadoop.mapred.MapTask  - Starting flush of map output
63328 [LocalJobRunner Map Task Executor #0] INFO  org.apache.hadoop.mapred.MapTask  - Spilling map output
63328 [LocalJobRunner Map Task Executor #0] INFO  org.apache.hadoop.mapred.MapTask  - bufstart = 0; bufend = 20990915; bufvoid = 104857600
63328 [LocalJobRunner Map Task Executor #0] INFO  org.apache.hadoop.mapred.MapTask  - kvstart = 26214396(104857584); kvend = 17470680(69882720); length = 8743717/6553600
63569 [main] INFO  org.apache.hadoop.mapreduce.Job  -  map 75% reduce 0%
67660 [communication thread] INFO  org.apache.hadoop.mapred.LocalJobRunner  - map > sort
67905 [LocalJobRunner Map Task Executor #0] INFO  org.apache.hadoop.mapred.MapTask  - Finished spill 0
67912 [LocalJobRunner Map Task Executor #0] INFO  org.apache.hadoop.mapred.Task  - Task:attempt_local1525661708_0001_m_000003_0 is done. And is in the process of committing
67913 [LocalJobRunner Map Task Executor #0] INFO  org.apache.hadoop.mapred.LocalJobRunner  - map
67914 [LocalJobRunner Map Task Executor #0] INFO  org.apache.hadoop.mapred.Task  - Task 'attempt_local1525661708_0001_m_000003_0' done.
67914 [LocalJobRunner Map Task Executor #0] INFO  org.apache.hadoop.mapred.LocalJobRunner  - Finishing task: attempt_local1525661708_0001_m_000003_0
67914 [Thread-13] INFO  org.apache.hadoop.mapred.LocalJobRunner  - map task executor complete.
67920 [Thread-13] INFO  org.apache.hadoop.mapred.LocalJobRunner  - Waiting for reduce tasks
67920 [pool-3-thread-1] INFO  org.apache.hadoop.mapred.LocalJobRunner  - Starting task: attempt_local1525661708_0001_r_000000_0
67927 [pool-3-thread-1] INFO  org.apache.hadoop.mapreduce.lib.output.FileOutputCommitter  - File Output Committer Algorithm version is 1
67928 [pool-3-thread-1] INFO  org.apache.hadoop.yarn.util.ProcfsBasedProcessTree  - ProcfsBasedProcessTree currently is supported only on Linux.
67928 [pool-3-thread-1] INFO  org.apache.hadoop.mapred.Task  -  Using ResourceCalculatorProcessTree : null
67932 [pool-3-thread-1] INFO  org.apache.hadoop.mapred.ReduceTask  - Using ShuffleConsumerPlugin: org.apache.hadoop.mapreduce.task.reduce.Shuffle@643b8f2e
67951 [pool-3-thread-1] INFO  org.apache.hadoop.mapreduce.task.reduce.MergeManagerImpl  - MergerManager: memoryLimit=1336252800, maxSingleShuffleLimit=334063200, mergeThreshold=881926912, ioSortFactor=10, memToMemMergeOutputsThreshold=10
67953 [EventFetcher for fetching Map Completion Events] INFO  org.apache.hadoop.mapreduce.task.reduce.EventFetcher  - attempt_local1525661708_0001_r_000000_0 Thread started: EventFetcher for fetching Map Completion Events
67998 [localfetcher#1] INFO  org.apache.hadoop.mapreduce.task.reduce.LocalFetcher  - localfetcher#1 about to shuffle output of map attempt_local1525661708_0001_m_000002_0 decomp: 66375596 len: 66375600 to MEMORY
68195 [localfetcher#1] INFO  org.apache.hadoop.mapreduce.task.reduce.InMemoryMapOutput  - Read 66375596 bytes from map-output for attempt_local1525661708_0001_m_000002_0
68197 [localfetcher#1] INFO  org.apache.hadoop.mapreduce.task.reduce.MergeManagerImpl  - closeInMemoryFile -> map-output of size: 66375596, inMemoryMapOutputs.size() -> 1, commitMemory -> 0, usedMemory ->66375596
68278 [localfetcher#1] INFO  org.apache.hadoop.mapreduce.task.reduce.LocalFetcher  - localfetcher#1 about to shuffle output of map attempt_local1525661708_0001_m_000003_0 decomp: 25363418 len: 25363422 to MEMORY
68370 [localfetcher#1] INFO  org.apache.hadoop.mapreduce.task.reduce.InMemoryMapOutput  - Read 25363418 bytes from map-output for attempt_local1525661708_0001_m_000003_0
68370 [localfetcher#1] INFO  org.apache.hadoop.mapreduce.task.reduce.MergeManagerImpl  - closeInMemoryFile -> map-output of size: 25363418, inMemoryMapOutputs.size() -> 2, commitMemory -> 66375596, usedMemory ->91739014
68381 [localfetcher#1] INFO  org.apache.hadoop.mapreduce.task.reduce.LocalFetcher  - localfetcher#1 about to shuffle output of map attempt_local1525661708_0001_m_000000_0 decomp: 65473370 len: 65473374 to MEMORY
68563 [localfetcher#1] INFO  org.apache.hadoop.mapreduce.task.reduce.InMemoryMapOutput  - Read 65473370 bytes from map-output for attempt_local1525661708_0001_m_000000_0
68563 [localfetcher#1] INFO  org.apache.hadoop.mapreduce.task.reduce.MergeManagerImpl  - closeInMemoryFile -> map-output of size: 65473370, inMemoryMapOutputs.size() -> 3, commitMemory -> 91739014, usedMemory ->157212384
68574 [localfetcher#1] INFO  org.apache.hadoop.mapreduce.task.reduce.LocalFetcher  - localfetcher#1 about to shuffle output of map attempt_local1525661708_0001_m_000001_0 decomp: 66407993 len: 66407997 to MEMORY
68584 [main] INFO  org.apache.hadoop.mapreduce.Job  -  map 100% reduce 0%
68773 [localfetcher#1] INFO  org.apache.hadoop.mapreduce.task.reduce.InMemoryMapOutput  - Read 66407993 bytes from map-output for attempt_local1525661708_0001_m_000001_0
68773 [localfetcher#1] INFO  org.apache.hadoop.mapreduce.task.reduce.MergeManagerImpl  - closeInMemoryFile -> map-output of size: 66407993, inMemoryMapOutputs.size() -> 4, commitMemory -> 157212384, usedMemory ->223620377
68773 [EventFetcher for fetching Map Completion Events] INFO  org.apache.hadoop.mapreduce.task.reduce.EventFetcher  - EventFetcher is interrupted.. Returning
68775 [pool-3-thread-1] INFO  org.apache.hadoop.mapred.LocalJobRunner  - 4 / 4 copied.
68776 [pool-3-thread-1] INFO  org.apache.hadoop.mapreduce.task.reduce.MergeManagerImpl  - finalMerge called with 4 in-memory map-outputs and 0 on-disk map-outputs
68778 [pool-3-thread-1] INFO  org.apache.hadoop.mapred.Merger  - Merging 4 sorted segments
68778 [pool-3-thread-1] INFO  org.apache.hadoop.mapred.Merger  - Down to the last merge-pass, with 4 segments left of total size: 223620360 bytes
73938 [communication thread] INFO  org.apache.hadoop.mapred.LocalJobRunner  - reduce > sort
74597 [main] INFO  org.apache.hadoop.mapreduce.Job  -  map 100% reduce 45%
76944 [communication thread] INFO  org.apache.hadoop.mapred.LocalJobRunner  - reduce > sort
77607 [main] INFO  org.apache.hadoop.mapreduce.Job  -  map 100% reduce 52%
79949 [communication thread] INFO  org.apache.hadoop.mapred.LocalJobRunner  - reduce > sort
80613 [main] INFO  org.apache.hadoop.mapreduce.Job  -  map 100% reduce 59%
82952 [communication thread] INFO  org.apache.hadoop.mapred.LocalJobRunner  - reduce > sort
83622 [pool-3-thread-1] INFO  org.apache.hadoop.mapreduce.task.reduce.MergeManagerImpl  - Merged 4 segments, 223620377 bytes to disk to satisfy reduce memory limit
83623 [main] INFO  org.apache.hadoop.mapreduce.Job  -  map 100% reduce 65%
83623 [pool-3-thread-1] INFO  org.apache.hadoop.mapreduce.task.reduce.MergeManagerImpl  - Merging 1 files, 223620375 bytes from disk
83624 [pool-3-thread-1] INFO  org.apache.hadoop.mapreduce.task.reduce.MergeManagerImpl  - Merging 0 segments, 0 bytes from memory into reduce
83624 [pool-3-thread-1] INFO  org.apache.hadoop.mapred.Merger  - Merging 1 sorted segments
83626 [pool-3-thread-1] INFO  org.apache.hadoop.mapred.Merger  - Down to the last merge-pass, with 1 segments left of total size: 223620367 bytes
83626 [pool-3-thread-1] INFO  org.apache.hadoop.mapred.LocalJobRunner  - reduce > sort
83657 [pool-3-thread-1] INFO  org.apache.hadoop.conf.Configuration.deprecation  - mapred.skip.on is deprecated. Instead, use mapreduce.job.skiprecords
85962 [communication thread] INFO  org.apache.hadoop.mapred.LocalJobRunner  - reduce > reduce
86635 [main] INFO  org.apache.hadoop.mapreduce.Job  -  map 100% reduce 72%
88967 [communication thread] INFO  org.apache.hadoop.mapred.LocalJobRunner  - reduce > reduce
89639 [main] INFO  org.apache.hadoop.mapreduce.Job  -  map 100% reduce 79%
91969 [communication thread] INFO  org.apache.hadoop.mapred.LocalJobRunner  - reduce > reduce
92650 [main] INFO  org.apache.hadoop.mapreduce.Job  -  map 100% reduce 87%
94972 [communication thread] INFO  org.apache.hadoop.mapred.LocalJobRunner  - reduce > reduce
95654 [main] INFO  org.apache.hadoop.mapreduce.Job  -  map 100% reduce 94%
97510 [pool-3-thread-1] INFO  org.apache.hadoop.mapred.Task  - Task:attempt_local1525661708_0001_r_000000_0 is done. And is in the process of committing
97511 [pool-3-thread-1] INFO  org.apache.hadoop.mapred.LocalJobRunner  - reduce > reduce
97512 [pool-3-thread-1] INFO  org.apache.hadoop.mapred.Task  - Task attempt_local1525661708_0001_r_000000_0 is allowed to commit now
97516 [pool-3-thread-1] INFO  org.apache.hadoop.mapreduce.lib.output.FileOutputCommitter  - Saved output of task 'attempt_local1525661708_0001_r_000000_0' to file:/tmp/output/_temporary/0/task_local1525661708_0001_r_000000
97516 [pool-3-thread-1] INFO  org.apache.hadoop.mapred.LocalJobRunner  - reduce > reduce
97516 [pool-3-thread-1] INFO  org.apache.hadoop.mapred.Task  - Task 'attempt_local1525661708_0001_r_000000_0' done.
97516 [pool-3-thread-1] INFO  org.apache.hadoop.mapred.LocalJobRunner  - Finishing task: attempt_local1525661708_0001_r_000000_0
97517 [Thread-13] INFO  org.apache.hadoop.mapred.LocalJobRunner  - reduce task executor complete.
97663 [main] INFO  org.apache.hadoop.mapreduce.Job  -  map 100% reduce 100%
97663 [main] INFO  org.apache.hadoop.mapreduce.Job  - Job job_local1525661708_0001 completed successfully
97677 [main] INFO  org.apache.hadoop.mapreduce.Job  - Counters: 30
	File System Counters
		FILE: Number of bytes read=1670639726
		FILE: Number of bytes written=1865610504
		FILE: Number of read operations=0
		FILE: Number of large read operations=0
		FILE: Number of write operations=0
	Map-Reduce Framework
		Map input records=2234881
		Map output records=19155549
		Map output bytes=185308630
		Map output materialized bytes=223620393
		Input split bytes=336
		Combine input records=0
		Combine output records=0
		Reduce input groups=456519
		Reduce shuffle bytes=223620393
		Reduce input records=19155549
		Reduce output records=456519
		Spilled Records=55280717
		Shuffled Maps =4
		Failed Shuffles=0
		Merged Map outputs=4
		GC time elapsed (ms)=639
		Total committed heap usage (bytes)=4476895232
	Shuffle Errors
		BAD_ID=0
		CONNECTION=0
		IO_ERROR=0
		WRONG_LENGTH=0
		WRONG_MAP=0
		WRONG_REDUCE=0
	File Input Format Counters 
		Bytes Read=114153387
	File Output Format Counters 
		Bytes Written=5665304
