16/10/21 21:25:26 INFO mapreduce.Job: Job job_1475555087363_0003 completed successfully
16/10/21 21:25:26 INFO mapreduce.Job: Counters: 49
	File System Counters
		FILE: Number of bytes read=246156853
		FILE: Number of bytes written=492728464
		FILE: Number of read operations=0
		FILE: Number of large read operations=0
		FILE: Number of write operations=0
		HDFS: Number of bytes read=193925086
		HDFS: Number of bytes written=93057313
		HDFS: Number of read operations=9
		HDFS: Number of large read operations=0
		HDFS: Number of write operations=2
	Job Counters
		Launched map tasks=2
		Launched reduce tasks=1
		Data-local map tasks=2
		Total time spent by all maps in occupied slots (ms)=48706
		Total time spent by all reduces in occupied slots (ms)=31206
		Total time spent by all map tasks (ms)=48706
		Total time spent by all reduce tasks (ms)=15603
		Total vcore-seconds taken by all map tasks=48706
		Total vcore-seconds taken by all reduce tasks=15603
		Total megabyte-seconds taken by all map tasks=74812416
		Total megabyte-seconds taken by all reduce tasks=47932416
	Map-Reduce Framework
		Map input records=1696926
		Map output records=4676189
		Map output bytes=236278050
		Map output materialized bytes=246156859
		Input split bytes=264
		Combine input records=0
		Combine output records=0
		Reduce input groups=1005478
		Reduce shuffle bytes=246156859
		Reduce input records=4676189
		Reduce output records=1005478
		Spilled Records=9352378
		Shuffled Maps =2
		Failed Shuffles=0
		Merged Map outputs=2
		GC time elapsed (ms)=708
		CPU time spent (ms)=42340
		Physical memory (bytes) snapshot=2978086912
		Virtual memory (bytes) snapshot=7847485440
		Total committed heap usage (bytes)=3165650944
	Shuffle Errors
		BAD_ID=0
		CONNECTION=0
		IO_ERROR=0
		WRONG_LENGTH=0
		WRONG_MAP=0
		WRONG_REDUCE=0
	File Input Format Counters
		Bytes Read=193924822
	File Output Format Counters
		Bytes Written=93057313
		