0    [main] WARN  org.apache.hadoop.util.NativeCodeLoader  - Unable to load native-hadoop library for your platform... using builtin-java classes where applicable
311  [main] INFO  org.apache.hadoop.conf.Configuration.deprecation  - session.id is deprecated. Instead, use dfs.metrics.session-id
313  [main] INFO  org.apache.hadoop.metrics.jvm.JvmMetrics  - Initializing JVM Metrics with processName=JobTracker, sessionId=
707  [main] WARN  org.apache.hadoop.mapreduce.JobResourceUploader  - Hadoop command-line option parsing not performed. Implement the Tool interface and execute your application with ToolRunner to remedy this.
716  [main] WARN  org.apache.hadoop.mapreduce.JobResourceUploader  - No job jar file set.  User classes may not be found. See Job or Job#setJar(String).
729  [main] INFO  org.apache.hadoop.mapreduce.lib.input.FileInputFormat  - Total input paths to process : 1
843  [main] INFO  org.apache.hadoop.mapreduce.JobSubmitter  - number of splits:1
1111 [main] INFO  org.apache.hadoop.mapreduce.JobSubmitter  - Submitting tokens for job: job_local1434282096_0001
1491 [main] INFO  org.apache.hadoop.mapreduce.Job  - The url to track the job: http://localhost:8080/
1494 [main] INFO  org.apache.hadoop.mapreduce.Job  - Running job: job_local1434282096_0001
1495 [Thread-13] INFO  org.apache.hadoop.mapred.LocalJobRunner  - OutputCommitter set in config null
1503 [Thread-13] INFO  org.apache.hadoop.mapreduce.lib.output.FileOutputCommitter  - File Output Committer Algorithm version is 1
1509 [Thread-13] INFO  org.apache.hadoop.mapred.LocalJobRunner  - OutputCommitter is org.apache.hadoop.mapreduce.lib.output.FileOutputCommitter
1597 [Thread-13] INFO  org.apache.hadoop.mapred.LocalJobRunner  - Waiting for map tasks
1598 [LocalJobRunner Map Task Executor #0] INFO  org.apache.hadoop.mapred.LocalJobRunner  - Starting task: attempt_local1434282096_0001_m_000000_0
1641 [LocalJobRunner Map Task Executor #0] INFO  org.apache.hadoop.mapreduce.lib.output.FileOutputCommitter  - File Output Committer Algorithm version is 1
1656 [LocalJobRunner Map Task Executor #0] INFO  org.apache.hadoop.yarn.util.ProcfsBasedProcessTree  - ProcfsBasedProcessTree currently is supported only on Linux.
1657 [LocalJobRunner Map Task Executor #0] INFO  org.apache.hadoop.mapred.Task  -  Using ResourceCalculatorProcessTree : null
1669 [LocalJobRunner Map Task Executor #0] INFO  org.apache.hadoop.mapred.MapTask  - Processing split: file:/tmp/pg100.txt:0+5589889
1801 [LocalJobRunner Map Task Executor #0] INFO  org.apache.hadoop.mapred.MapTask  - (EQUATOR) 0 kvi 26214396(104857584)
1801 [LocalJobRunner Map Task Executor #0] INFO  org.apache.hadoop.mapred.MapTask  - mapreduce.task.io.sort.mb: 100
1801 [LocalJobRunner Map Task Executor #0] INFO  org.apache.hadoop.mapred.MapTask  - soft limit at 83886080
1802 [LocalJobRunner Map Task Executor #0] INFO  org.apache.hadoop.mapred.MapTask  - bufstart = 0; bufvoid = 104857600
1802 [LocalJobRunner Map Task Executor #0] INFO  org.apache.hadoop.mapred.MapTask  - kvstart = 26214396; length = 6553600
1807 [LocalJobRunner Map Task Executor #0] INFO  org.apache.hadoop.mapred.MapTask  - Map output collector class = org.apache.hadoop.mapred.MapTask$MapOutputBuffer
1818 [LocalJobRunner Map Task Executor #0] INFO  org.apache.hadoop.mapreduce.lib.input.LineRecordReader  - Found UTF-8 BOM and skipped it
2501 [main] INFO  org.apache.hadoop.mapreduce.Job  - Job job_local1434282096_0001 running in uber mode : false
2504 [main] INFO  org.apache.hadoop.mapreduce.Job  -  map 0% reduce 0%
3381 [LocalJobRunner Map Task Executor #0] INFO  org.apache.hadoop.mapred.MapTask  - Spilling map output
3382 [LocalJobRunner Map Task Executor #0] INFO  org.apache.hadoop.mapred.MapTask  - bufstart = 0; bufend = 27962024; bufvoid = 104857600
3382 [LocalJobRunner Map Task Executor #0] INFO  org.apache.hadoop.mapred.MapTask  - kvstart = 26214396(104857584); kvend = 12233388(48933552); length = 13981009/6553600
3382 [LocalJobRunner Map Task Executor #0] INFO  org.apache.hadoop.mapred.MapTask  - (EQUATOR) 38447780 kvi 9611940(38447760)
7692 [communication thread] INFO  org.apache.hadoop.mapred.LocalJobRunner  - map > map
7919 [SpillThread] INFO  org.apache.hadoop.mapred.MapTask  - Finished spill 0
7925 [LocalJobRunner Map Task Executor #0] INFO  org.apache.hadoop.mapred.MapTask  - (RESET) equator 38447780 kv 9611940(38447760) kvi 6990512(27962048)
8248 [LocalJobRunner Map Task Executor #0] INFO  org.apache.hadoop.mapred.LocalJobRunner  - map > map
8249 [LocalJobRunner Map Task Executor #0] INFO  org.apache.hadoop.mapred.MapTask  - Starting flush of map output
8249 [LocalJobRunner Map Task Executor #0] INFO  org.apache.hadoop.mapred.MapTask  - Spilling map output
8250 [LocalJobRunner Map Task Executor #0] INFO  org.apache.hadoop.mapred.MapTask  - bufstart = 38447780; bufend = 53208252; bufvoid = 104857600
8250 [LocalJobRunner Map Task Executor #0] INFO  org.apache.hadoop.mapred.MapTask  - kvstart = 9611940(38447760); kvend = 2231708(8926832); length = 7380233/6553600
8524 [main] INFO  org.apache.hadoop.mapreduce.Job  -  map 52% reduce 0%
10316 [LocalJobRunner Map Task Executor #0] INFO  org.apache.hadoop.mapred.MapTask  - Finished spill 1
10333 [LocalJobRunner Map Task Executor #0] INFO  org.apache.hadoop.mapred.Merger  - Merging 2 sorted segments
10338 [LocalJobRunner Map Task Executor #0] INFO  org.apache.hadoop.mapred.Merger  - Down to the last merge-pass, with 2 segments left of total size: 53403120 bytes
13701 [communication thread] INFO  org.apache.hadoop.mapred.LocalJobRunner  - map > sort > 
14542 [main] INFO  org.apache.hadoop.mapreduce.Job  -  map 80% reduce 0%
16706 [communication thread] INFO  org.apache.hadoop.mapred.LocalJobRunner  - map > sort > 
17549 [main] INFO  org.apache.hadoop.mapreduce.Job  -  map 93% reduce 0%
19047 [LocalJobRunner Map Task Executor #0] INFO  org.apache.hadoop.mapred.Task  - Task:attempt_local1434282096_0001_m_000000_0 is done. And is in the process of committing
19057 [LocalJobRunner Map Task Executor #0] INFO  org.apache.hadoop.mapred.LocalJobRunner  - map > sort
19057 [LocalJobRunner Map Task Executor #0] INFO  org.apache.hadoop.mapred.Task  - Task 'attempt_local1434282096_0001_m_000000_0' done.
19057 [LocalJobRunner Map Task Executor #0] INFO  org.apache.hadoop.mapred.LocalJobRunner  - Finishing task: attempt_local1434282096_0001_m_000000_0
19057 [Thread-13] INFO  org.apache.hadoop.mapred.LocalJobRunner  - map task executor complete.
19061 [Thread-13] INFO  org.apache.hadoop.mapred.LocalJobRunner  - Waiting for reduce tasks
19061 [pool-3-thread-1] INFO  org.apache.hadoop.mapred.LocalJobRunner  - Starting task: attempt_local1434282096_0001_r_000000_0
19068 [pool-3-thread-1] INFO  org.apache.hadoop.mapreduce.lib.output.FileOutputCommitter  - File Output Committer Algorithm version is 1
19069 [pool-3-thread-1] INFO  org.apache.hadoop.yarn.util.ProcfsBasedProcessTree  - ProcfsBasedProcessTree currently is supported only on Linux.
19069 [pool-3-thread-1] INFO  org.apache.hadoop.mapred.Task  -  Using ResourceCalculatorProcessTree : null
19073 [pool-3-thread-1] INFO  org.apache.hadoop.mapred.ReduceTask  - Using ShuffleConsumerPlugin: org.apache.hadoop.mapreduce.task.reduce.Shuffle@2ccf4c0e
19090 [pool-3-thread-1] INFO  org.apache.hadoop.mapreduce.task.reduce.MergeManagerImpl  - MergerManager: memoryLimit=1336252800, maxSingleShuffleLimit=334063200, mergeThreshold=881926912, ioSortFactor=10, memToMemMergeOutputsThreshold=10
19092 [EventFetcher for fetching Map Completion Events] INFO  org.apache.hadoop.mapreduce.task.reduce.EventFetcher  - attempt_local1434282096_0001_r_000000_0 Thread started: EventFetcher for fetching Map Completion Events
19187 [localfetcher#1] INFO  org.apache.hadoop.mapreduce.task.reduce.LocalFetcher  - localfetcher#1 about to shuffle output of map attempt_local1434282096_0001_m_000000_0 decomp: 53403122 len: 53403126 to MEMORY
19316 [localfetcher#1] INFO  org.apache.hadoop.mapreduce.task.reduce.InMemoryMapOutput  - Read 53403122 bytes from map-output for attempt_local1434282096_0001_m_000000_0
19319 [localfetcher#1] INFO  org.apache.hadoop.mapreduce.task.reduce.MergeManagerImpl  - closeInMemoryFile -> map-output of size: 53403122, inMemoryMapOutputs.size() -> 1, commitMemory -> 0, usedMemory ->53403122
19321 [EventFetcher for fetching Map Completion Events] INFO  org.apache.hadoop.mapreduce.task.reduce.EventFetcher  - EventFetcher is interrupted.. Returning
19322 [pool-3-thread-1] INFO  org.apache.hadoop.mapred.LocalJobRunner  - 1 / 1 copied.
19322 [pool-3-thread-1] INFO  org.apache.hadoop.mapreduce.task.reduce.MergeManagerImpl  - finalMerge called with 1 in-memory map-outputs and 0 on-disk map-outputs
19324 [pool-3-thread-1] INFO  org.apache.hadoop.mapred.Merger  - Merging 1 sorted segments
19325 [pool-3-thread-1] INFO  org.apache.hadoop.mapred.Merger  - Down to the last merge-pass, with 1 segments left of total size: 53403116 bytes
19551 [main] INFO  org.apache.hadoop.mapreduce.Job  -  map 100% reduce 0%
24015 [pool-3-thread-1] INFO  org.apache.hadoop.mapreduce.task.reduce.MergeManagerImpl  - Merged 1 segments, 53403122 bytes to disk to satisfy reduce memory limit
24015 [pool-3-thread-1] INFO  org.apache.hadoop.mapreduce.task.reduce.MergeManagerImpl  - Merging 1 files, 53403126 bytes from disk
24016 [pool-3-thread-1] INFO  org.apache.hadoop.mapreduce.task.reduce.MergeManagerImpl  - Merging 0 segments, 0 bytes from memory into reduce
24016 [pool-3-thread-1] INFO  org.apache.hadoop.mapred.Merger  - Merging 1 sorted segments
24016 [pool-3-thread-1] INFO  org.apache.hadoop.mapred.Merger  - Down to the last merge-pass, with 1 segments left of total size: 53403116 bytes
24016 [pool-3-thread-1] INFO  org.apache.hadoop.mapred.LocalJobRunner  - 1 / 1 copied.
24044 [pool-3-thread-1] INFO  org.apache.hadoop.conf.Configuration.deprecation  - mapred.skip.on is deprecated. Instead, use mapreduce.job.skiprecords
25073 [communication thread] INFO  org.apache.hadoop.mapred.LocalJobRunner  - reduce > reduce
25565 [main] INFO  org.apache.hadoop.mapreduce.Job  -  map 100% reduce 75%
28078 [communication thread] INFO  org.apache.hadoop.mapred.LocalJobRunner  - reduce > reduce
28538 [pool-3-thread-1] INFO  org.apache.hadoop.mapred.Task  - Task:attempt_local1434282096_0001_r_000000_0 is done. And is in the process of committing
28539 [pool-3-thread-1] INFO  org.apache.hadoop.mapred.LocalJobRunner  - reduce > reduce
28539 [pool-3-thread-1] INFO  org.apache.hadoop.mapred.Task  - Task attempt_local1434282096_0001_r_000000_0 is allowed to commit now
28541 [pool-3-thread-1] INFO  org.apache.hadoop.mapreduce.lib.output.FileOutputCommitter  - Saved output of task 'attempt_local1434282096_0001_r_000000_0' to file:/tmp/output/_temporary/0/task_local1434282096_0001_r_000000
28541 [pool-3-thread-1] INFO  org.apache.hadoop.mapred.LocalJobRunner  - reduce > reduce
28541 [pool-3-thread-1] INFO  org.apache.hadoop.mapred.Task  - Task 'attempt_local1434282096_0001_r_000000_0' done.
28541 [pool-3-thread-1] INFO  org.apache.hadoop.mapred.LocalJobRunner  - Finishing task: attempt_local1434282096_0001_r_000000_0
28541 [Thread-13] INFO  org.apache.hadoop.mapred.LocalJobRunner  - reduce task executor complete.
28593 [main] INFO  org.apache.hadoop.mapreduce.Job  -  map 100% reduce 100%
28593 [main] INFO  org.apache.hadoop.mapreduce.Job  - Job job_local1434282096_0001 completed successfully
28631 [main] INFO  org.apache.hadoop.mapreduce.Job  - Counters: 30
	File System Counters
		FILE: Number of bytes read=224879984
		FILE: Number of bytes written=267555427
		FILE: Number of read operations=0
		FILE: Number of large read operations=0
		FILE: Number of write operations=0
	Map-Reduce Framework
		Map input records=124787
		Map output records=5340312
		Map output bytes=42722496
		Map output materialized bytes=53403126
		Input split bytes=84
		Combine input records=0
		Combine output records=0
		Reduce input groups=12
		Reduce shuffle bytes=53403126
		Reduce input records=5340312
		Reduce output records=12
		Spilled Records=16020936
		Shuffled Maps =1
		Failed Shuffles=0
		Merged Map outputs=1
		GC time elapsed (ms)=45
		Total committed heap usage (bytes)=541065216
	Shuffle Errors
		BAD_ID=0
		CONNECTION=0
		IO_ERROR=0
		WRONG_LENGTH=0
		WRONG_MAP=0
		WRONG_REDUCE=0
	File Input Format Counters 
		Bytes Read=5633577
	File Output Format Counters 
		Bytes Written=279
